<?xml version="1.0" encoding="UTF-8"?>
<coverage generated="1574978453236" clover="3.2.0">
  <project timestamp="1574978453236" name="All files">
    <metrics statements="62" coveredstatements="62" conditionals="16" coveredconditionals="16" methods="8" coveredmethods="8" elements="86" coveredelements="86" complexity="0" loc="62" ncloc="62" packages="1" files="1" classes="1"/>
    <file name="listing.js" path="/Users/user/Desktop/Work/Coventry/5001CEM/exchangebay/modules/listing.js">
      <metrics statements="62" coveredstatements="62" conditionals="16" coveredconditionals="16" methods="8" coveredmethods="8"/>
      <line num="4" count="1" type="stmt"/>
      <line num="18" count="20" type="stmt"/>
      <line num="19" count="20" type="stmt"/>
      <line num="21" count="20" type="stmt"/>
      <line num="22" count="20" type="stmt"/>
      <line num="23" count="20" type="stmt"/>
      <line num="34" count="20" type="cond" truecount="5" falsecount="0"/>
      <line num="35" count="5" type="stmt"/>
      <line num="46" count="9" type="cond" truecount="2" falsecount="0"/>
      <line num="47" count="2" type="stmt"/>
      <line num="70" count="5" type="stmt"/>
      <line num="71" count="5" type="stmt"/>
      <line num="72" count="5" type="stmt"/>
      <line num="73" count="5" type="cond" truecount="2" falsecount="0"/>
      <line num="74" count="2" type="stmt"/>
      <line num="75" count="2" type="stmt"/>
      <line num="77" count="2" type="stmt"/>
      <line num="79" count="2" type="stmt"/>
      <line num="87" count="2" type="stmt"/>
      <line num="88" count="2" type="stmt"/>
      <line num="90" count="2" type="stmt"/>
      <line num="92" count="2" type="stmt"/>
      <line num="94" count="2" type="stmt"/>
      <line num="96" count="3" type="stmt"/>
      <line num="107" count="5" type="stmt"/>
      <line num="108" count="5" type="stmt"/>
      <line num="109" count="4" type="stmt"/>
      <line num="110" count="3" type="cond" truecount="2" falsecount="0"/>
      <line num="111" count="1" type="stmt"/>
      <line num="114" count="2" type="stmt"/>
      <line num="115" count="2" type="stmt"/>
      <line num="116" count="2" type="cond" truecount="2" falsecount="0"/>
      <line num="118" count="1" type="stmt"/>
      <line num="119" count="1" type="stmt"/>
      <line num="121" count="1" type="stmt"/>
      <line num="123" count="1" type="stmt"/>
      <line num="124" count="14" type="stmt"/>
      <line num="127" count="1" type="stmt"/>
      <line num="130" count="3" type="stmt"/>
      <line num="140" count="5" type="stmt"/>
      <line num="141" count="5" type="stmt"/>
      <line num="142" count="5" type="stmt"/>
      <line num="143" count="5" type="cond" truecount="2" falsecount="0"/>
      <line num="144" count="4" type="stmt"/>
      <line num="145" count="4" type="stmt"/>
      <line num="147" count="4" type="stmt"/>
      <line num="149" count="4" type="stmt"/>
      <line num="151" count="92" type="stmt"/>
      <line num="160" count="92" type="stmt"/>
      <line num="163" count="4" type="stmt"/>
      <line num="166" count="1" type="stmt"/>
      <line num="179" count="6" type="stmt"/>
      <line num="181" count="6" type="stmt"/>
      <line num="182" count="5" type="stmt"/>
      <line num="183" count="4" type="stmt"/>
      <line num="184" count="3" type="stmt"/>
      <line num="185" count="2" type="stmt"/>
      <line num="187" count="1" type="stmt"/>
      <line num="188" count="1" type="stmt"/>
      <line num="189" count="1" type="stmt"/>
      <line num="191" count="5" type="stmt"/>
      <line num="197" count="1" type="stmt"/>
    </file>
  </project>
</coverage>
