{"/Users/user/Desktop/Work/Coventry/5001CEM/exchangebay/modules/listing.js": {"path":"/Users/user/Desktop/Work/Coventry/5001CEM/exchangebay/modules/listing.js","statementMap":{"0":{"start":{"line":4,"column":15},"end":{"line":4,"column":38}},"1":{"start":{"line":18,"column":2},"end":{"line":24,"column":6}},"2":{"start":{"line":19,"column":3},"end":{"line":19,"column":38}},"3":{"start":{"line":21,"column":15},"end":{"line":21,"column":459}},"4":{"start":{"line":22,"column":3},"end":{"line":22,"column":25}},"5":{"start":{"line":23,"column":3},"end":{"line":23,"column":14}},"6":{"start":{"line":45,"column":2},"end":{"line":71,"column":3}},"7":{"start":{"line":46,"column":28},"end":{"line":46,"column":103}},"8":{"start":{"line":47,"column":16},"end":{"line":47,"column":53}},"9":{"start":{"line":48,"column":3},"end":{"line":48,"column":85}},"10":{"start":{"line":48,"column":25},"end":{"line":48,"column":85}},"11":{"start":{"line":49,"column":13},"end":{"line":49,"column":122}},"12":{"start":{"line":50,"column":18},"end":{"line":50,"column":40}},"13":{"start":{"line":52,"column":16},"end":{"line":52,"column":30}},"14":{"start":{"line":54,"column":14},"end":{"line":59,"column":4}},"15":{"start":{"line":61,"column":27},"end":{"line":61,"column":81}},"16":{"start":{"line":62,"column":27},"end":{"line":62,"column":63}},"17":{"start":{"line":64,"column":3},"end":{"line":64,"column":49}},"18":{"start":{"line":66,"column":3},"end":{"line":66,"column":71}},"19":{"start":{"line":68,"column":3},"end":{"line":68,"column":14}},"20":{"start":{"line":70,"column":3},"end":{"line":70,"column":12}},"21":{"start":{"line":80,"column":2},"end":{"line":107,"column":3}},"22":{"start":{"line":81,"column":28},"end":{"line":81,"column":73}},"23":{"start":{"line":82,"column":16},"end":{"line":82,"column":53}},"24":{"start":{"line":83,"column":3},"end":{"line":83,"column":61}},"25":{"start":{"line":83,"column":25},"end":{"line":83,"column":61}},"26":{"start":{"line":84,"column":13},"end":{"line":84,"column":83}},"27":{"start":{"line":85,"column":17},"end":{"line":85,"column":19}},"28":{"start":{"line":87,"column":16},"end":{"line":87,"column":38}},"29":{"start":{"line":89,"column":3},"end":{"line":101,"column":4}},"30":{"start":{"line":89,"column":15},"end":{"line":89,"column":16}},"31":{"start":{"line":91,"column":15},"end":{"line":98,"column":5}},"32":{"start":{"line":100,"column":4},"end":{"line":100,"column":22}},"33":{"start":{"line":103,"column":3},"end":{"line":103,"column":17}},"34":{"start":{"line":106,"column":3},"end":{"line":106,"column":12}},"35":{"start":{"line":119,"column":2},"end":{"line":138,"column":3}},"36":{"start":{"line":121,"column":3},"end":{"line":131,"column":4}},"37":{"start":{"line":122,"column":4},"end":{"line":122,"column":51}},"38":{"start":{"line":123,"column":9},"end":{"line":131,"column":4}},"39":{"start":{"line":124,"column":4},"end":{"line":124,"column":42}},"40":{"start":{"line":125,"column":9},"end":{"line":131,"column":4}},"41":{"start":{"line":126,"column":4},"end":{"line":126,"column":44}},"42":{"start":{"line":127,"column":9},"end":{"line":131,"column":4}},"43":{"start":{"line":128,"column":4},"end":{"line":128,"column":51}},"44":{"start":{"line":129,"column":9},"end":{"line":131,"column":4}},"45":{"start":{"line":130,"column":4},"end":{"line":130,"column":47}},"46":{"start":{"line":133,"column":13},"end":{"line":133,"column":163}},"47":{"start":{"line":134,"column":15},"end":{"line":134,"column":37}},"48":{"start":{"line":135,"column":3},"end":{"line":135,"column":22}},"49":{"start":{"line":137,"column":3},"end":{"line":137,"column":12}},"50":{"start":{"line":143,"column":0},"end":{"line":143,"column":24}}},"fnMap":{"0":{"name":"(anonymous_0)","decl":{"start":{"line":17,"column":1},"end":{"line":17,"column":2}},"loc":{"start":{"line":17,"column":34},"end":{"line":25,"column":2}},"line":17},"1":{"name":"(anonymous_1)","decl":{"start":{"line":18,"column":10},"end":{"line":18,"column":11}},"loc":{"start":{"line":18,"column":21},"end":{"line":24,"column":3}},"line":18},"2":{"name":"(anonymous_2)","decl":{"start":{"line":44,"column":1},"end":{"line":44,"column":2}},"loc":{"start":{"line":44,"column":31},"end":{"line":72,"column":2}},"line":44},"3":{"name":"(anonymous_3)","decl":{"start":{"line":79,"column":1},"end":{"line":79,"column":2}},"loc":{"start":{"line":79,"column":21},"end":{"line":108,"column":2}},"line":79},"4":{"name":"(anonymous_4)","decl":{"start":{"line":118,"column":1},"end":{"line":118,"column":2}},"loc":{"start":{"line":118,"column":67},"end":{"line":139,"column":2}},"line":118}},"branchMap":{"0":{"loc":{"start":{"line":17,"column":13},"end":{"line":17,"column":32}},"type":"default-arg","locations":[{"start":{"line":17,"column":22},"end":{"line":17,"column":32}}],"line":17},"1":{"loc":{"start":{"line":48,"column":3},"end":{"line":48,"column":85}},"type":"if","locations":[{"start":{"line":48,"column":3},"end":{"line":48,"column":85}},{"start":{"line":48,"column":3},"end":{"line":48,"column":85}}],"line":48},"2":{"loc":{"start":{"line":83,"column":3},"end":{"line":83,"column":61}},"type":"if","locations":[{"start":{"line":83,"column":3},"end":{"line":83,"column":61}},{"start":{"line":83,"column":3},"end":{"line":83,"column":61}}],"line":83},"3":{"loc":{"start":{"line":121,"column":3},"end":{"line":131,"column":4}},"type":"if","locations":[{"start":{"line":121,"column":3},"end":{"line":131,"column":4}},{"start":{"line":121,"column":3},"end":{"line":131,"column":4}}],"line":121},"4":{"loc":{"start":{"line":123,"column":9},"end":{"line":131,"column":4}},"type":"if","locations":[{"start":{"line":123,"column":9},"end":{"line":131,"column":4}},{"start":{"line":123,"column":9},"end":{"line":131,"column":4}}],"line":123},"5":{"loc":{"start":{"line":125,"column":9},"end":{"line":131,"column":4}},"type":"if","locations":[{"start":{"line":125,"column":9},"end":{"line":131,"column":4}},{"start":{"line":125,"column":9},"end":{"line":131,"column":4}}],"line":125},"6":{"loc":{"start":{"line":127,"column":9},"end":{"line":131,"column":4}},"type":"if","locations":[{"start":{"line":127,"column":9},"end":{"line":131,"column":4}},{"start":{"line":127,"column":9},"end":{"line":131,"column":4}}],"line":127},"7":{"loc":{"start":{"line":129,"column":9},"end":{"line":131,"column":4}},"type":"if","locations":[{"start":{"line":129,"column":9},"end":{"line":131,"column":4}},{"start":{"line":129,"column":9},"end":{"line":131,"column":4}}],"line":129}},"s":{"0":1,"1":15,"2":15,"3":15,"4":15,"5":15,"6":5,"7":5,"8":5,"9":5,"10":3,"11":2,"12":2,"13":2,"14":2,"15":2,"16":2,"17":2,"18":2,"19":2,"20":3,"21":5,"22":5,"23":5,"24":5,"25":1,"26":4,"27":4,"28":4,"29":4,"30":4,"31":32,"32":32,"33":4,"34":1,"35":6,"36":6,"37":1,"38":5,"39":1,"40":4,"41":1,"42":3,"43":1,"44":2,"45":1,"46":1,"47":1,"48":1,"49":5,"50":1},"f":{"0":15,"1":15,"2":5,"3":5,"4":6},"b":{"0":[1],"1":[3,2],"2":[1,4],"3":[1,5],"4":[1,4],"5":[1,3],"6":[1,2],"7":[1,1]},"_coverageSchema":"43e27e138ebf9cfc5966b082cf9a028302ed4184","hash":"ca7f8fdce5af83c0daa96ff53c6875df80044c4e"}
}
