{"/Users/user/Desktop/Work/Coventry/5001CEM/exchangebay/modules/listing.js": {"path":"/Users/user/Desktop/Work/Coventry/5001CEM/exchangebay/modules/listing.js","statementMap":{"0":{"start":{"line":4,"column":15},"end":{"line":4,"column":38}},"1":{"start":{"line":18,"column":2},"end":{"line":24,"column":6}},"2":{"start":{"line":19,"column":3},"end":{"line":19,"column":38}},"3":{"start":{"line":21,"column":15},"end":{"line":21,"column":487}},"4":{"start":{"line":22,"column":3},"end":{"line":22,"column":25}},"5":{"start":{"line":23,"column":3},"end":{"line":23,"column":14}},"6":{"start":{"line":34,"column":2},"end":{"line":36,"column":3}},"7":{"start":{"line":35,"column":3},"end":{"line":35,"column":41}},"8":{"start":{"line":46,"column":2},"end":{"line":48,"column":3}},"9":{"start":{"line":47,"column":3},"end":{"line":47,"column":49}},"10":{"start":{"line":70,"column":2},"end":{"line":100,"column":3}},"11":{"start":{"line":71,"column":28},"end":{"line":71,"column":102}},"12":{"start":{"line":72,"column":16},"end":{"line":72,"column":51}},"13":{"start":{"line":73,"column":3},"end":{"line":73,"column":85}},"14":{"start":{"line":73,"column":26},"end":{"line":73,"column":85}},"15":{"start":{"line":74,"column":15},"end":{"line":74,"column":129}},"16":{"start":{"line":75,"column":18},"end":{"line":75,"column":40}},"17":{"start":{"line":77,"column":18},"end":{"line":77,"column":32}},"18":{"start":{"line":79,"column":3},"end":{"line":81,"column":4}},"19":{"start":{"line":80,"column":4},"end":{"line":80,"column":37}},"20":{"start":{"line":83,"column":16},"end":{"line":90,"column":4}},"21":{"start":{"line":92,"column":27},"end":{"line":92,"column":81}},"22":{"start":{"line":93,"column":26},"end":{"line":93,"column":60}},"23":{"start":{"line":95,"column":3},"end":{"line":95,"column":48}},"24":{"start":{"line":97,"column":3},"end":{"line":97,"column":14}},"25":{"start":{"line":99,"column":3},"end":{"line":99,"column":12}},"26":{"start":{"line":110,"column":2},"end":{"line":134,"column":3}},"27":{"start":{"line":111,"column":3},"end":{"line":111,"column":56}},"28":{"start":{"line":112,"column":3},"end":{"line":112,"column":43}},"29":{"start":{"line":113,"column":3},"end":{"line":115,"column":4}},"30":{"start":{"line":114,"column":4},"end":{"line":114,"column":47}},"31":{"start":{"line":117,"column":28},"end":{"line":117,"column":99}},"32":{"start":{"line":118,"column":23},"end":{"line":118,"column":58}},"33":{"start":{"line":119,"column":3},"end":{"line":119,"column":42}},"34":{"start":{"line":119,"column":33},"end":{"line":119,"column":42}},"35":{"start":{"line":121,"column":15},"end":{"line":121,"column":70}},"36":{"start":{"line":122,"column":19},"end":{"line":122,"column":21}},"37":{"start":{"line":124,"column":16},"end":{"line":124,"column":38}},"38":{"start":{"line":126,"column":3},"end":{"line":128,"column":4}},"39":{"start":{"line":126,"column":15},"end":{"line":126,"column":16}},"40":{"start":{"line":127,"column":4},"end":{"line":127,"column":35}},"41":{"start":{"line":130,"column":3},"end":{"line":130,"column":17}},"42":{"start":{"line":133,"column":3},"end":{"line":133,"column":12}},"43":{"start":{"line":143,"column":2},"end":{"line":170,"column":3}},"44":{"start":{"line":144,"column":28},"end":{"line":144,"column":73}},"45":{"start":{"line":145,"column":16},"end":{"line":145,"column":51}},"46":{"start":{"line":146,"column":3},"end":{"line":146,"column":62}},"47":{"start":{"line":146,"column":26},"end":{"line":146,"column":62}},"48":{"start":{"line":147,"column":15},"end":{"line":147,"column":85}},"49":{"start":{"line":148,"column":19},"end":{"line":148,"column":21}},"50":{"start":{"line":150,"column":16},"end":{"line":150,"column":38}},"51":{"start":{"line":152,"column":3},"end":{"line":164,"column":4}},"52":{"start":{"line":152,"column":15},"end":{"line":152,"column":16}},"53":{"start":{"line":154,"column":17},"end":{"line":161,"column":5}},"54":{"start":{"line":163,"column":4},"end":{"line":163,"column":22}},"55":{"start":{"line":166,"column":3},"end":{"line":166,"column":17}},"56":{"start":{"line":169,"column":3},"end":{"line":169,"column":12}},"57":{"start":{"line":182,"column":14},"end":{"line":182,"column":176}},"58":{"start":{"line":183,"column":20},"end":{"line":183,"column":42}},"59":{"start":{"line":185,"column":24},"end":{"line":185,"column":26}},"60":{"start":{"line":186,"column":2},"end":{"line":196,"column":3}},"61":{"start":{"line":186,"column":14},"end":{"line":186,"column":15}},"62":{"start":{"line":188,"column":16},"end":{"line":193,"column":4}},"63":{"start":{"line":195,"column":3},"end":{"line":195,"column":27}},"64":{"start":{"line":198,"column":2},"end":{"line":198,"column":22}},"65":{"start":{"line":212,"column":2},"end":{"line":225,"column":3}},"66":{"start":{"line":214,"column":3},"end":{"line":214,"column":56}},"67":{"start":{"line":215,"column":3},"end":{"line":215,"column":43}},"68":{"start":{"line":216,"column":3},"end":{"line":216,"column":49}},"69":{"start":{"line":217,"column":3},"end":{"line":217,"column":63}},"70":{"start":{"line":218,"column":3},"end":{"line":218,"column":55}},"71":{"start":{"line":220,"column":15},"end":{"line":220,"column":182}},"72":{"start":{"line":221,"column":17},"end":{"line":221,"column":39}},"73":{"start":{"line":222,"column":3},"end":{"line":222,"column":22}},"74":{"start":{"line":224,"column":3},"end":{"line":224,"column":12}},"75":{"start":{"line":230,"column":0},"end":{"line":230,"column":24}}},"fnMap":{"0":{"name":"(anonymous_0)","decl":{"start":{"line":17,"column":1},"end":{"line":17,"column":2}},"loc":{"start":{"line":17,"column":34},"end":{"line":25,"column":2}},"line":17},"1":{"name":"(anonymous_1)","decl":{"start":{"line":18,"column":10},"end":{"line":18,"column":11}},"loc":{"start":{"line":18,"column":21},"end":{"line":24,"column":3}},"line":18},"2":{"name":"(anonymous_2)","decl":{"start":{"line":33,"column":1},"end":{"line":33,"column":2}},"loc":{"start":{"line":33,"column":36},"end":{"line":37,"column":2}},"line":33},"3":{"name":"(anonymous_3)","decl":{"start":{"line":45,"column":1},"end":{"line":45,"column":2}},"loc":{"start":{"line":45,"column":34},"end":{"line":49,"column":2}},"line":45},"4":{"name":"(anonymous_4)","decl":{"start":{"line":69,"column":1},"end":{"line":69,"column":2}},"loc":{"start":{"line":69,"column":30},"end":{"line":101,"column":2}},"line":69},"5":{"name":"(anonymous_5)","decl":{"start":{"line":109,"column":1},"end":{"line":109,"column":2}},"loc":{"start":{"line":109,"column":41},"end":{"line":135,"column":2}},"line":109},"6":{"name":"(anonymous_6)","decl":{"start":{"line":142,"column":1},"end":{"line":142,"column":2}},"loc":{"start":{"line":142,"column":21},"end":{"line":171,"column":2}},"line":142},"7":{"name":"(anonymous_7)","decl":{"start":{"line":180,"column":1},"end":{"line":180,"column":2}},"loc":{"start":{"line":180,"column":35},"end":{"line":200,"column":2}},"line":180},"8":{"name":"(anonymous_8)","decl":{"start":{"line":211,"column":1},"end":{"line":211,"column":2}},"loc":{"start":{"line":211,"column":72},"end":{"line":226,"column":2}},"line":211}},"branchMap":{"0":{"loc":{"start":{"line":17,"column":13},"end":{"line":17,"column":32}},"type":"default-arg","locations":[{"start":{"line":17,"column":22},"end":{"line":17,"column":32}}],"line":17},"1":{"loc":{"start":{"line":34,"column":2},"end":{"line":36,"column":3}},"type":"if","locations":[{"start":{"line":34,"column":2},"end":{"line":36,"column":3}},{"start":{"line":34,"column":2},"end":{"line":36,"column":3}}],"line":34},"2":{"loc":{"start":{"line":34,"column":5},"end":{"line":34,"column":57}},"type":"binary-expr","locations":[{"start":{"line":34,"column":5},"end":{"line":34,"column":19}},{"start":{"line":34,"column":23},"end":{"line":34,"column":35}},{"start":{"line":34,"column":39},"end":{"line":34,"column":57}}],"line":34},"3":{"loc":{"start":{"line":46,"column":2},"end":{"line":48,"column":3}},"type":"if","locations":[{"start":{"line":46,"column":2},"end":{"line":48,"column":3}},{"start":{"line":46,"column":2},"end":{"line":48,"column":3}}],"line":46},"4":{"loc":{"start":{"line":73,"column":3},"end":{"line":73,"column":85}},"type":"if","locations":[{"start":{"line":73,"column":3},"end":{"line":73,"column":85}},{"start":{"line":73,"column":3},"end":{"line":73,"column":85}}],"line":73},"5":{"loc":{"start":{"line":79,"column":3},"end":{"line":81,"column":4}},"type":"if","locations":[{"start":{"line":79,"column":3},"end":{"line":81,"column":4}},{"start":{"line":79,"column":3},"end":{"line":81,"column":4}}],"line":79},"6":{"loc":{"start":{"line":113,"column":3},"end":{"line":115,"column":4}},"type":"if","locations":[{"start":{"line":113,"column":3},"end":{"line":115,"column":4}},{"start":{"line":113,"column":3},"end":{"line":115,"column":4}}],"line":113},"7":{"loc":{"start":{"line":119,"column":3},"end":{"line":119,"column":42}},"type":"if","locations":[{"start":{"line":119,"column":3},"end":{"line":119,"column":42}},{"start":{"line":119,"column":3},"end":{"line":119,"column":42}}],"line":119},"8":{"loc":{"start":{"line":146,"column":3},"end":{"line":146,"column":62}},"type":"if","locations":[{"start":{"line":146,"column":3},"end":{"line":146,"column":62}},{"start":{"line":146,"column":3},"end":{"line":146,"column":62}}],"line":146}},"s":{"0":1,"1":23,"2":23,"3":23,"4":23,"5":23,"6":20,"7":5,"8":9,"9":2,"10":5,"11":5,"12":5,"13":5,"14":3,"15":2,"16":2,"17":2,"18":2,"19":1,"20":2,"21":2,"22":2,"23":2,"24":2,"25":3,"26":5,"27":5,"28":4,"29":3,"30":1,"31":2,"32":2,"33":2,"34":2,"35":0,"36":0,"37":0,"38":0,"39":0,"40":0,"41":0,"42":3,"43":5,"44":5,"45":5,"46":5,"47":1,"48":4,"49":4,"50":4,"51":4,"52":4,"53":36,"54":36,"55":4,"56":1,"57":3,"58":3,"59":3,"60":3,"61":3,"62":14,"63":14,"64":3,"65":6,"66":6,"67":5,"68":4,"69":3,"70":2,"71":1,"72":1,"73":1,"74":5,"75":1},"f":{"0":23,"1":23,"2":20,"3":9,"4":5,"5":5,"6":5,"7":3,"8":6},"b":{"0":[1],"1":[5,15],"2":[20,20,15],"3":[2,7],"4":[3,2],"5":[1,1],"6":[1,2],"7":[2,0],"8":[1,4]},"_coverageSchema":"43e27e138ebf9cfc5966b082cf9a028302ed4184","hash":"cc77cc0316f988a82980d9bdc701bfb14a2adbe2"}
}
