TN:
SF:/Users/user/Desktop/Work/Coventry/5001CEM/exchangebay/modules/listing.js
FN:17,(anonymous_0)
FN:18,(anonymous_1)
FN:45,(anonymous_2)
FN:82,(anonymous_3)
FN:121,(anonymous_4)
FN:160,(anonymous_5)
FNF:6
FNH:6
FNDA:20,(anonymous_0)
FNDA:20,(anonymous_1)
FNDA:5,(anonymous_2)
FNDA:5,(anonymous_3)
FNDA:5,(anonymous_4)
FNDA:6,(anonymous_5)
DA:4,1
DA:18,20
DA:19,20
DA:21,20
DA:22,20
DA:23,20
DA:46,5
DA:47,5
DA:48,5
DA:49,5
DA:50,2
DA:51,2
DA:53,2
DA:55,2
DA:63,2
DA:64,2
DA:66,2
DA:68,2
DA:70,2
DA:72,3
DA:83,5
DA:84,5
DA:85,1
DA:86,4
DA:87,1
DA:90,3
DA:91,3
DA:92,3
DA:94,2
DA:95,2
DA:96,2
DA:97,1
DA:100,1
DA:101,1
DA:103,1
DA:105,1
DA:106,2
DA:109,1
DA:112,3
DA:122,5
DA:123,5
DA:124,5
DA:125,5
DA:126,4
DA:127,4
DA:129,4
DA:131,4
DA:133,44
DA:142,44
DA:145,4
DA:148,1
DA:161,6
DA:163,6
DA:164,1
DA:165,5
DA:166,1
DA:167,4
DA:168,1
DA:169,3
DA:170,1
DA:171,2
DA:172,1
DA:175,1
DA:176,1
DA:177,1
DA:179,5
DA:185,1
LF:67
LH:67
BRDA:17,0,0,1
BRDA:49,1,0,3
BRDA:49,1,1,2
BRDA:84,2,0,1
BRDA:84,2,1,4
BRDA:84,3,0,5
BRDA:84,3,1,5
BRDA:86,4,0,1
BRDA:86,4,1,3
BRDA:92,5,0,1
BRDA:92,5,1,2
BRDA:96,6,0,1
BRDA:96,6,1,1
BRDA:125,7,0,1
BRDA:125,7,1,4
BRDA:163,8,0,1
BRDA:163,8,1,5
BRDA:165,9,0,1
BRDA:165,9,1,4
BRDA:167,10,0,1
BRDA:167,10,1,3
BRDA:169,11,0,1
BRDA:169,11,1,2
BRDA:171,12,0,1
BRDA:171,12,1,1
BRF:25
BRH:25
end_of_record
TN:
SF:/Users/user/Desktop/Work/Coventry/5001CEM/exchangebay/modules/user.js
FN:20,(anonymous_0)
FN:21,(anonymous_1)
FN:40,(anonymous_2)
FN:71,(anonymous_3)
FN:93,(anonymous_4)
FN:109,(anonymous_5)
FN:125,(anonymous_6)
FNF:7
FNH:5
FNDA:10,(anonymous_0)
FNDA:10,(anonymous_1)
FNDA:9,(anonymous_2)
FNDA:3,(anonymous_3)
FNDA:0,(anonymous_4)
FNDA:3,(anonymous_5)
FNDA:0,(anonymous_6)
DA:3,1
DA:6,1
DA:7,1
DA:21,10
DA:22,10
DA:24,10
DA:25,10
DA:26,10
DA:41,9
DA:43,9
DA:44,9
DA:45,8
DA:46,7
DA:47,7
DA:48,7
DA:49,7
DA:50,7
DA:51,7
DA:52,6
DA:53,6
DA:54,6
DA:55,6
DA:56,6
DA:57,6
DA:58,6
DA:60,3
DA:72,3
DA:73,3
DA:74,3
DA:75,3
DA:76,2
DA:77,2
DA:78,2
DA:79,2
DA:80,1
DA:82,2
DA:94,0
DA:95,0
DA:96,0
DA:97,0
DA:99,0
DA:110,3
DA:111,3
DA:112,1
DA:114,2
DA:115,2
DA:116,2
DA:117,1
DA:118,1
DA:119,1
DA:121,2
DA:126,0
DA:129,1
LF:53
LH:47
BRDA:20,0,0,10
BRDA:44,1,0,1
BRDA:44,1,1,8
BRDA:44,2,0,9
BRDA:44,2,1,8
BRDA:45,3,0,1
BRDA:45,3,1,7
BRDA:45,4,0,8
BRDA:45,4,1,7
BRDA:46,5,0,0
BRDA:46,5,1,7
BRDA:47,6,0,0
BRDA:47,6,1,7
BRDA:48,7,0,0
BRDA:48,7,1,7
BRDA:51,8,0,1
BRDA:51,8,1,6
BRDA:54,9,0,0
BRDA:54,9,1,6
BRDA:75,10,0,1
BRDA:75,10,1,2
BRDA:79,11,0,1
BRDA:79,11,1,1
BRDA:111,12,0,1
BRDA:111,12,1,2
BRDA:116,13,0,1
BRDA:116,13,1,1
BRF:27
BRH:23
end_of_record
