TN:
SF:/Users/user/Desktop/Work/Coventry/5001CEM/exchangebay/modules/listing.js
FN:17,(anonymous_0)
FN:18,(anonymous_1)
FN:35,(anonymous_2)
FN:47,(anonymous_3)
FN:71,(anonymous_4)
FN:102,(anonymous_5)
FN:133,(anonymous_6)
FN:165,(anonymous_7)
FN:197,(anonymous_8)
FNF:9
FNH:9
FNDA:23,(anonymous_0)
FNDA:23,(anonymous_1)
FNDA:24,(anonymous_2)
FNDA:10,(anonymous_3)
FNDA:5,(anonymous_4)
FNDA:5,(anonymous_5)
FNDA:5,(anonymous_6)
FNDA:3,(anonymous_7)
FNDA:7,(anonymous_8)
DA:4,1
DA:18,23
DA:19,23
DA:21,23
DA:24,23
DA:25,23
DA:36,24
DA:37,5
DA:48,10
DA:49,2
DA:72,5
DA:73,5
DA:74,5
DA:75,2
DA:78,2
DA:80,2
DA:82,2
DA:86,2
DA:88,2
DA:90,2
DA:92,3
DA:103,5
DA:104,5
DA:105,4
DA:106,3
DA:108,2
DA:109,2
DA:110,2
DA:112,1
DA:113,1
DA:115,1
DA:117,1
DA:118,1
DA:121,1
DA:124,3
DA:134,5
DA:135,5
DA:136,5
DA:137,4
DA:139,4
DA:141,4
DA:143,8
DA:148,8
DA:151,4
DA:154,1
DA:167,3
DA:169,3
DA:171,3
DA:172,3
DA:174,4
DA:181,4
DA:184,3
DA:198,7
DA:200,7
DA:201,6
DA:202,5
DA:203,4
DA:204,3
DA:206,2
DA:208,2
DA:209,2
DA:211,5
DA:217,1
LF:63
LH:63
BRDA:17,0,0,1
BRDA:36,1,0,5
BRDA:36,1,1,19
BRDA:36,2,0,24
BRDA:36,2,1,24
BRDA:36,2,2,19
BRDA:48,3,0,2
BRDA:48,3,1,8
BRDA:74,4,0,3
BRDA:74,4,1,2
BRDA:80,5,0,0
BRDA:80,5,1,2
BRDA:106,6,0,1
BRDA:106,6,1,2
BRDA:110,7,0,1
BRDA:110,7,1,1
BRDA:136,8,0,1
BRDA:136,8,1,4
BRF:18
BRH:17
end_of_record
TN:
SF:/Users/user/Desktop/Work/Coventry/5001CEM/exchangebay/modules/user.js
FN:18,(anonymous_0)
FN:19,(anonymous_1)
FN:37,(anonymous_2)
FN:53,(anonymous_3)
FN:80,(anonymous_4)
FN:102,(anonymous_5)
FN:118,(anonymous_6)
FN:134,(anonymous_7)
FNF:8
FNH:7
FNDA:13,(anonymous_0)
FNDA:13,(anonymous_1)
FNDA:48,(anonymous_2)
FNDA:11,(anonymous_3)
FNDA:3,(anonymous_4)
FNDA:2,(anonymous_5)
FNDA:3,(anonymous_6)
FNDA:0,(anonymous_7)
DA:3,2
DA:4,2
DA:5,2
DA:19,13
DA:20,13
DA:22,13
DA:26,13
DA:27,13
DA:38,48
DA:39,2
DA:54,11
DA:55,11
DA:56,10
DA:57,9
DA:58,9
DA:59,9
DA:60,9
DA:61,9
DA:62,8
DA:63,8
DA:64,8
DA:65,8
DA:67,8
DA:69,3
DA:81,3
DA:82,3
DA:83,3
DA:84,3
DA:85,2
DA:86,2
DA:87,2
DA:88,2
DA:89,1
DA:91,2
DA:103,2
DA:104,2
DA:105,2
DA:106,2
DA:108,0
DA:119,3
DA:120,3
DA:121,1
DA:123,2
DA:124,2
DA:125,2
DA:126,1
DA:127,1
DA:128,1
DA:130,2
DA:135,0
DA:138,2
LF:51
LH:49
BRDA:18,0,0,12
BRDA:38,1,0,2
BRDA:38,1,1,46
BRDA:38,2,0,48
BRDA:38,2,1,48
BRDA:38,2,2,46
BRDA:61,3,0,1
BRDA:61,3,1,8
BRDA:63,4,0,0
BRDA:63,4,1,8
BRDA:84,5,0,1
BRDA:84,5,1,2
BRDA:88,6,0,1
BRDA:88,6,1,1
BRDA:120,7,0,1
BRDA:120,7,1,2
BRDA:125,8,0,1
BRDA:125,8,1,1
BRF:18
BRH:17
end_of_record
